<?xml version="1.0" encoding="UTF-8"?>
<testng-results ignored="0" total="1" passed="1" failed="0" skipped="0">
  <reporter-output>
  </reporter-output>
  <suite started-at="2021-06-03T19:45:19 MSK" name="Default suite" finished-at="2021-06-03T19:45:33 MSK" duration-ms="14141">
    <groups>
    </groups>
    <test started-at="2021-06-03T19:45:19 MSK" name="Default test" finished-at="2021-06-03T19:45:33 MSK" duration-ms="14141">
      <class name="com.opencart.qa.CategoryTest">
        <test-method signature="testAddProduct()[pri:0, instance:com.opencart.qa.CategoryTest@389bc2d3]" started-at="2021-06-03T19:45:19 MSK" name="testAddProduct" finished-at="2021-06-03T19:45:32 MSK" duration-ms="13880" status="PASS">
          <reporter-output>
          </reporter-output>
        </test-method> <!-- testAddProduct -->
      </class> <!-- com.opencart.qa.CategoryTest -->
    </test> <!-- Default test -->
  </suite> <!-- Default suite -->
</testng-results>
